
AVRASM ver. 2.1.30  C:\Users\Amin\Desktop\New folder\Clock\Debug\List\Clock.asm Wed Jul 14 16:34:05 2021

C:\Users\Amin\Desktop\New folder\Clock\Debug\List\Clock.asm(1088): warning: Register r4 already defined by the .DEF directive
C:\Users\Amin\Desktop\New folder\Clock\Debug\List\Clock.asm(1089): warning: Register r5 already defined by the .DEF directive
C:\Users\Amin\Desktop\New folder\Clock\Debug\List\Clock.asm(1090): warning: Register r6 already defined by the .DEF directive
C:\Users\Amin\Desktop\New folder\Clock\Debug\List\Clock.asm(1091): warning: Register r7 already defined by the .DEF directive
C:\Users\Amin\Desktop\New folder\Clock\Debug\List\Clock.asm(1092): warning: Register r8 already defined by the .DEF directive
C:\Users\Amin\Desktop\New folder\Clock\Debug\List\Clock.asm(1093): warning: Register r9 already defined by the .DEF directive
C:\Users\Amin\Desktop\New folder\Clock\Debug\List\Clock.asm(1094): warning: Register r10 already defined by the .DEF directive
C:\Users\Amin\Desktop\New folder\Clock\Debug\List\Clock.asm(1095): warning: Register r11 already defined by the .DEF directive
C:\Users\Amin\Desktop\New folder\Clock\Debug\List\Clock.asm(1096): warning: Register r12 already defined by the .DEF directive
C:\Users\Amin\Desktop\New folder\Clock\Debug\List\Clock.asm(1097): warning: Register r13 already defined by the .DEF directive
                 
                 
                 ;CodeVisionAVR C Compiler V3.12 Advanced
                 ;(C) Copyright 1998-2014 Pavel Haiduc, HP InfoTech s.r.l.
                 ;http://www.hpinfotech.com
                 
                 ;Build configuration    : Debug
                 ;Chip type              : ATmega32
                 ;Program type           : Application
                 ;Clock frequency        : 8.000000 MHz
                 ;Memory model           : Small
                 ;Optimize for           : Size
                 ;(s)printf features     : int, width
                 ;(s)scanf features      : int, width
                 ;External RAM size      : 0
                 ;Data Stack size        : 512 byte(s)
                 ;Heap size              : 0 byte(s)
                 ;Promote 'char' to 'int': Yes
                 ;'char' is unsigned     : Yes
                 ;8 bit enums            : Yes
                 ;Global 'const' stored in FLASH: No
                 ;Enhanced function parameter passing: Yes
                 ;Enhanced core instructions: On
                 ;Automatic register allocation for global variables: On
                 ;Smart register allocation: On
                 
                 	#define _MODEL_SMALL_
                 
                 	#pragma AVRPART ADMIN PART_NAME ATmega32
                 	#pragma AVRPART MEMORY PROG_FLASH 32768
                 	#pragma AVRPART MEMORY EEPROM 1024
                 	#pragma AVRPART MEMORY INT_SRAM SIZE 2048
                 	#pragma AVRPART MEMORY INT_SRAM START_ADDR 0x60
                 
                 	#define CALL_SUPPORTED 1
                 
                 	.LISTMAC
                 	.EQU UDRE=0x5
                 	.EQU RXC=0x7
                 	.EQU USR=0xB
                 	.EQU UDR=0xC
                 	.EQU SPSR=0xE
                 	.EQU SPDR=0xF
                 	.EQU EERE=0x0
                 	.EQU EEWE=0x1
                 	.EQU EEMWE=0x2
                 	.EQU EECR=0x1C
                 	.EQU EEDR=0x1D
                 	.EQU EEARL=0x1E
                 	.EQU EEARH=0x1F
                 	.EQU WDTCR=0x21
                 	.EQU MCUCR=0x35
                 	.EQU GICR=0x3B
                 	.EQU SPL=0x3D
                 	.EQU SPH=0x3E
                 	.EQU SREG=0x3F
                 
                 	.DEF R0X0=R0
                 	.DEF R0X1=R1
                 	.DEF R0X2=R2
                 	.DEF R0X3=R3
                 	.DEF R0X4=R4
                 	.DEF R0X5=R5
                 	.DEF R0X6=R6
                 	.DEF R0X7=R7
                 	.DEF R0X8=R8
                 	.DEF R0X9=R9
                 	.DEF R0XA=R10
                 	.DEF R0XB=R11
                 	.DEF R0XC=R12
                 	.DEF R0XD=R13
                 	.DEF R0XE=R14
                 	.DEF R0XF=R15
                 	.DEF R0X10=R16
                 	.DEF R0X11=R17
                 	.DEF R0X12=R18
                 	.DEF R0X13=R19
                 	.DEF R0X14=R20
                 	.DEF R0X15=R21
                 	.DEF R0X16=R22
                 	.DEF R0X17=R23
                 	.DEF R0X18=R24
                 	.DEF R0X19=R25
                 	.DEF R0X1A=R26
                 	.DEF R0X1B=R27
                 	.DEF R0X1C=R28
                 	.DEF R0X1D=R29
                 	.DEF R0X1E=R30
                 	.DEF R0X1F=R31
                 
                 	.EQU __SRAM_START=0x0060
                 	.EQU __SRAM_END=0x085F
                 	.EQU __DSTACK_SIZE=0x0200
                 	.EQU __HEAP_SIZE=0x0000
                 	.EQU __CLEAR_SRAM_SIZE=__SRAM_END-__SRAM_START+1
                 
                 	.MACRO __CPD1N
                 	CPI  R30,LOW(@0)
                 	LDI  R26,HIGH(@0)
                 	CPC  R31,R26
                 	LDI  R26,BYTE3(@0)
                 	CPC  R22,R26
                 	LDI  R26,BYTE4(@0)
                 	CPC  R23,R26
                 	.ENDM
                 
                 	.MACRO __CPD2N
                 	CPI  R26,LOW(@0)
                 	LDI  R30,HIGH(@0)
                 	CPC  R27,R30
                 	LDI  R30,BYTE3(@0)
                 	CPC  R24,R30
                 	LDI  R30,BYTE4(@0)
                 	CPC  R25,R30
                 	.ENDM
                 
                 	.MACRO __CPWRR
                 	CP   R@0,R@2
                 	CPC  R@1,R@3
                 	.ENDM
                 
                 	.MACRO __CPWRN
                 	CPI  R@0,LOW(@2)
                 	LDI  R30,HIGH(@2)
                 	CPC  R@1,R30
                 	.ENDM
                 
                 	.MACRO __ADDB1MN
                 	SUBI R30,LOW(-@0-(@1))
                 	.ENDM
                 
                 	.MACRO __ADDB2MN
                 	SUBI R26,LOW(-@0-(@1))
                 	.ENDM
                 
                 	.MACRO __ADDW1MN
                 	SUBI R30,LOW(-@0-(@1))
                 	SBCI R31,HIGH(-@0-(@1))
                 	.ENDM
                 
                 	.MACRO __ADDW2MN
                 	SUBI R26,LOW(-@0-(@1))
                 	SBCI R27,HIGH(-@0-(@1))
                 	.ENDM
                 
                 	.MACRO __ADDW1FN
                 	SUBI R30,LOW(-2*@0-(@1))
                 	SBCI R31,HIGH(-2*@0-(@1))
                 	.ENDM
                 
                 	.MACRO __ADDD1FN
                 	SUBI R30,LOW(-2*@0-(@1))
                 	SBCI R31,HIGH(-2*@0-(@1))
                 	SBCI R22,BYTE3(-2*@0-(@1))
                 	.ENDM
                 
                 	.MACRO __ADDD1N
                 	SUBI R30,LOW(-@0)
                 	SBCI R31,HIGH(-@0)
                 	SBCI R22,BYTE3(-@0)
                 	SBCI R23,BYTE4(-@0)
                 	.ENDM
                 
                 	.MACRO __ADDD2N
                 	SUBI R26,LOW(-@0)
                 	SBCI R27,HIGH(-@0)
                 	SBCI R24,BYTE3(-@0)
                 	SBCI R25,BYTE4(-@0)
                 	.ENDM
                 
                 	.MACRO __SUBD1N
                 	SUBI R30,LOW(@0)
                 	SBCI R31,HIGH(@0)
                 	SBCI R22,BYTE3(@0)
                 	SBCI R23,BYTE4(@0)
                 	.ENDM
                 
                 	.MACRO __SUBD2N
                 	SUBI R26,LOW(@0)
                 	SBCI R27,HIGH(@0)
                 	SBCI R24,BYTE3(@0)
                 	SBCI R25,BYTE4(@0)
                 	.ENDM
                 
                 	.MACRO __ANDBMNN
                 	LDS  R30,@0+(@1)
                 	ANDI R30,LOW(@2)
                 	STS  @0+(@1),R30
                 	.ENDM
                 
                 	.MACRO __ANDWMNN
                 	LDS  R30,@0+(@1)
                 	ANDI R30,LOW(@2)
                 	STS  @0+(@1),R30
                 	LDS  R30,@0+(@1)+1
                 	ANDI R30,HIGH(@2)
                 	STS  @0+(@1)+1,R30
                 	.ENDM
                 
                 	.MACRO __ANDD1N
                 	ANDI R30,LOW(@0)
                 	ANDI R31,HIGH(@0)
                 	ANDI R22,BYTE3(@0)
                 	ANDI R23,BYTE4(@0)
                 	.ENDM
                 
                 	.MACRO __ANDD2N
                 	ANDI R26,LOW(@0)
                 	ANDI R27,HIGH(@0)
                 	ANDI R24,BYTE3(@0)
                 	ANDI R25,BYTE4(@0)
                 	.ENDM
                 
                 	.MACRO __ORBMNN
                 	LDS  R30,@0+(@1)
                 	ORI  R30,LOW(@2)
                 	STS  @0+(@1),R30
                 	.ENDM
                 
                 	.MACRO __ORWMNN
                 	LDS  R30,@0+(@1)
                 	ORI  R30,LOW(@2)
                 	STS  @0+(@1),R30
                 	LDS  R30,@0+(@1)+1
                 	ORI  R30,HIGH(@2)
                 	STS  @0+(@1)+1,R30
                 	.ENDM
                 
                 	.MACRO __ORD1N
                 	ORI  R30,LOW(@0)
                 	ORI  R31,HIGH(@0)
                 	ORI  R22,BYTE3(@0)
                 	ORI  R23,BYTE4(@0)
                 	.ENDM
                 
                 	.MACRO __ORD2N
                 	ORI  R26,LOW(@0)
                 	ORI  R27,HIGH(@0)
                 	ORI  R24,BYTE3(@0)
                 	ORI  R25,BYTE4(@0)
                 	.ENDM
                 
                 	.MACRO __DELAY_USB
                 	LDI  R24,LOW(@0)
                 __DELAY_USB_LOOP:
                 	DEC  R24
                 	BRNE __DELAY_USB_LOOP
                 	.ENDM
                 
                 	.MACRO __DELAY_USW
                 	LDI  R24,LOW(@0)
                 	LDI  R25,HIGH(@0)
                 __DELAY_USW_LOOP:
                 	SBIW R24,1
                 	BRNE __DELAY_USW_LOOP
                 	.ENDM
                 
                 	.MACRO __GETD1S
                 	LDD  R30,Y+@0
                 	LDD  R31,Y+@0+1
                 	LDD  R22,Y+@0+2
                 	LDD  R23,Y+@0+3
                 	.ENDM
                 
                 	.MACRO __GETD2S
                 	LDD  R26,Y+@0
                 	LDD  R27,Y+@0+1
                 	LDD  R24,Y+@0+2
                 	LDD  R25,Y+@0+3
                 	.ENDM
                 
                 	.MACRO __PUTD1S
                 	STD  Y+@0,R30
                 	STD  Y+@0+1,R31
                 	STD  Y+@0+2,R22
                 	STD  Y+@0+3,R23
                 	.ENDM
                 
                 	.MACRO __PUTD2S
                 	STD  Y+@0,R26
                 	STD  Y+@0+1,R27
                 	STD  Y+@0+2,R24
                 	STD  Y+@0+3,R25
                 	.ENDM
                 
                 	.MACRO __PUTDZ2
                 	STD  Z+@0,R26
                 	STD  Z+@0+1,R27
                 	STD  Z+@0+2,R24
                 	STD  Z+@0+3,R25
                 	.ENDM
                 
                 	.MACRO __CLRD1S
                 	STD  Y+@0,R30
                 	STD  Y+@0+1,R30
                 	STD  Y+@0+2,R30
                 	STD  Y+@0+3,R30
                 	.ENDM
                 
                 	.MACRO __POINTB1MN
                 	LDI  R30,LOW(@0+(@1))
                 	.ENDM
                 
                 	.MACRO __POINTW1MN
                 	LDI  R30,LOW(@0+(@1))
                 	LDI  R31,HIGH(@0+(@1))
                 	.ENDM
                 
                 	.MACRO __POINTD1M
                 	LDI  R30,LOW(@0)
                 	LDI  R31,HIGH(@0)
                 	LDI  R22,BYTE3(@0)
                 	LDI  R23,BYTE4(@0)
                 	.ENDM
                 
                 	.MACRO __POINTW1FN
                 	LDI  R30,LOW(2*@0+(@1))
                 	LDI  R31,HIGH(2*@0+(@1))
                 	.ENDM
                 
                 	.MACRO __POINTD1FN
                 	LDI  R30,LOW(2*@0+(@1))
                 	LDI  R31,HIGH(2*@0+(@1))
                 	LDI  R22,BYTE3(2*@0+(@1))
                 	LDI  R23,BYTE4(2*@0+(@1))
                 	.ENDM
                 
                 	.MACRO __POINTB2MN
                 	LDI  R26,LOW(@0+(@1))
                 	.ENDM
                 
                 	.MACRO __POINTW2MN
                 	LDI  R26,LOW(@0+(@1))
                 	LDI  R27,HIGH(@0+(@1))
                 	.ENDM
                 
                 	.MACRO __POINTW2FN
                 	LDI  R26,LOW(2*@0+(@1))
                 	LDI  R27,HIGH(2*@0+(@1))
                 	.ENDM
                 
                 	.MACRO __POINTD2FN
                 	LDI  R26,LOW(2*@0+(@1))
                 	LDI  R27,HIGH(2*@0+(@1))
                 	LDI  R24,BYTE3(2*@0+(@1))
                 	LDI  R25,BYTE4(2*@0+(@1))
                 	.ENDM
                 
                 	.MACRO __POINTBRM
                 	LDI  R@0,LOW(@1)
                 	.ENDM
                 
                 	.MACRO __POINTWRM
                 	LDI  R@0,LOW(@2)
                 	LDI  R@1,HIGH(@2)
                 	.ENDM
                 
                 	.MACRO __POINTBRMN
                 	LDI  R@0,LOW(@1+(@2))
                 	.ENDM
                 
                 	.MACRO __POINTWRMN
                 	LDI  R@0,LOW(@2+(@3))
                 	LDI  R@1,HIGH(@2+(@3))
                 	.ENDM
                 
                 	.MACRO __POINTWRFN
                 	LDI  R@0,LOW(@2*2+(@3))
                 	LDI  R@1,HIGH(@2*2+(@3))
                 	.ENDM
                 
                 	.MACRO __GETD1N
                 	LDI  R30,LOW(@0)
                 	LDI  R31,HIGH(@0)
                 	LDI  R22,BYTE3(@0)
                 	LDI  R23,BYTE4(@0)
                 	.ENDM
                 
                 	.MACRO __GETD2N
                 	LDI  R26,LOW(@0)
                 	LDI  R27,HIGH(@0)
                 	LDI  R24,BYTE3(@0)
                 	LDI  R25,BYTE4(@0)
                 	.ENDM
                 
                 	.MACRO __GETB1MN
                 	LDS  R30,@0+(@1)
                 	.ENDM
                 
                 	.MACRO __GETB1HMN
                 	LDS  R31,@0+(@1)
                 	.ENDM
                 
                 	.MACRO __GETW1MN
                 	LDS  R30,@0+(@1)
                 	LDS  R31,@0+(@1)+1
                 	.ENDM
                 
                 	.MACRO __GETD1MN
                 	LDS  R30,@0+(@1)
                 	LDS  R31,@0+(@1)+1
                 	LDS  R22,@0+(@1)+2
                 	LDS  R23,@0+(@1)+3
                 	.ENDM
                 
                 	.MACRO __GETBRMN
                 	LDS  R@0,@1+(@2)
                 	.ENDM
                 
                 	.MACRO __GETWRMN
                 	LDS  R@0,@2+(@3)
                 	LDS  R@1,@2+(@3)+1
                 	.ENDM
                 
                 	.MACRO __GETWRZ
                 	LDD  R@0,Z+@2
                 	LDD  R@1,Z+@2+1
                 	.ENDM
                 
                 	.MACRO __GETD2Z
                 	LDD  R26,Z+@0
                 	LDD  R27,Z+@0+1
                 	LDD  R24,Z+@0+2
                 	LDD  R25,Z+@0+3
                 	.ENDM
                 
                 	.MACRO __GETB2MN
                 	LDS  R26,@0+(@1)
                 	.ENDM
                 
                 	.MACRO __GETW2MN
                 	LDS  R26,@0+(@1)
                 	LDS  R27,@0+(@1)+1
                 	.ENDM
                 
                 	.MACRO __GETD2MN
                 	LDS  R26,@0+(@1)
                 	LDS  R27,@0+(@1)+1
                 	LDS  R24,@0+(@1)+2
                 	LDS  R25,@0+(@1)+3
                 	.ENDM
                 
                 	.MACRO __PUTB1MN
                 	STS  @0+(@1),R30
                 	.ENDM
                 
                 	.MACRO __PUTW1MN
                 	STS  @0+(@1),R30
                 	STS  @0+(@1)+1,R31
                 	.ENDM
                 
                 	.MACRO __PUTD1MN
                 	STS  @0+(@1),R30
                 	STS  @0+(@1)+1,R31
                 	STS  @0+(@1)+2,R22
                 	STS  @0+(@1)+3,R23
                 	.ENDM
                 
                 	.MACRO __PUTB1EN
                 	LDI  R26,LOW(@0+(@1))
                 	LDI  R27,HIGH(@0+(@1))
                 	CALL __EEPROMWRB
                 	.ENDM
                 
                 	.MACRO __PUTW1EN
                 	LDI  R26,LOW(@0+(@1))
                 	LDI  R27,HIGH(@0+(@1))
                 	CALL __EEPROMWRW
                 	.ENDM
                 
                 	.MACRO __PUTD1EN
                 	LDI  R26,LOW(@0+(@1))
                 	LDI  R27,HIGH(@0+(@1))
                 	CALL __EEPROMWRD
                 	.ENDM
                 
                 	.MACRO __PUTBR0MN
                 	STS  @0+(@1),R0
                 	.ENDM
                 
                 	.MACRO __PUTBMRN
                 	STS  @0+(@1),R@2
                 	.ENDM
                 
                 	.MACRO __PUTWMRN
                 	STS  @0+(@1),R@2
                 	STS  @0+(@1)+1,R@3
                 	.ENDM
                 
                 	.MACRO __PUTBZR
                 	STD  Z+@1,R@0
                 	.ENDM
                 
                 	.MACRO __PUTWZR
                 	STD  Z+@2,R@0
                 	STD  Z+@2+1,R@1
                 	.ENDM
                 
                 	.MACRO __GETW1R
                 	MOV  R30,R@0
                 	MOV  R31,R@1
                 	.ENDM
                 
                 	.MACRO __GETW2R
                 	MOV  R26,R@0
                 	MOV  R27,R@1
                 	.ENDM
                 
                 	.MACRO __GETWRN
                 	LDI  R@0,LOW(@2)
                 	LDI  R@1,HIGH(@2)
                 	.ENDM
                 
                 	.MACRO __PUTW1R
                 	MOV  R@0,R30
                 	MOV  R@1,R31
                 	.ENDM
                 
                 	.MACRO __PUTW2R
                 	MOV  R@0,R26
                 	MOV  R@1,R27
                 	.ENDM
                 
                 	.MACRO __ADDWRN
                 	SUBI R@0,LOW(-@2)
                 	SBCI R@1,HIGH(-@2)
                 	.ENDM
                 
                 	.MACRO __ADDWRR
                 	ADD  R@0,R@2
                 	ADC  R@1,R@3
                 	.ENDM
                 
                 	.MACRO __SUBWRN
                 	SUBI R@0,LOW(@2)
                 	SBCI R@1,HIGH(@2)
                 	.ENDM
                 
                 	.MACRO __SUBWRR
                 	SUB  R@0,R@2
                 	SBC  R@1,R@3
                 	.ENDM
                 
                 	.MACRO __ANDWRN
                 	ANDI R@0,LOW(@2)
                 	ANDI R@1,HIGH(@2)
                 	.ENDM
                 
                 	.MACRO __ANDWRR
                 	AND  R@0,R@2
                 	AND  R@1,R@3
                 	.ENDM
                 
                 	.MACRO __ORWRN
                 	ORI  R@0,LOW(@2)
                 	ORI  R@1,HIGH(@2)
                 	.ENDM
                 
                 	.MACRO __ORWRR
                 	OR   R@0,R@2
                 	OR   R@1,R@3
                 	.ENDM
                 
                 	.MACRO __EORWRR
                 	EOR  R@0,R@2
                 	EOR  R@1,R@3
                 	.ENDM
                 
                 	.MACRO __GETWRS
                 	LDD  R@0,Y+@2
                 	LDD  R@1,Y+@2+1
                 	.ENDM
                 
                 	.MACRO __PUTBSR
                 	STD  Y+@1,R@0
                 	.ENDM
                 
                 	.MACRO __PUTWSR
                 	STD  Y+@2,R@0
                 	STD  Y+@2+1,R@1
                 	.ENDM
                 
                 	.MACRO __MOVEWRR
                 	MOV  R@0,R@2
                 	MOV  R@1,R@3
                 	.ENDM
                 
                 	.MACRO __INWR
                 	IN   R@0,@2
                 	IN   R@1,@2+1
                 	.ENDM
                 
                 	.MACRO __OUTWR
                 	OUT  @2+1,R@1
                 	OUT  @2,R@0
                 	.ENDM
                 
                 	.MACRO __CALL1MN
                 	LDS  R30,@0+(@1)
                 	LDS  R31,@0+(@1)+1
                 	ICALL
                 	.ENDM
                 
                 	.MACRO __CALL1FN
                 	LDI  R30,LOW(2*@0+(@1))
                 	LDI  R31,HIGH(2*@0+(@1))
                 	CALL __GETW1PF
                 	ICALL
                 	.ENDM
                 
                 	.MACRO __CALL2EN
                 	PUSH R26
                 	PUSH R27
                 	LDI  R26,LOW(@0+(@1))
                 	LDI  R27,HIGH(@0+(@1))
                 	CALL __EEPROMRDW
                 	POP  R27
                 	POP  R26
                 	ICALL
                 	.ENDM
                 
                 	.MACRO __CALL2EX
                 	SUBI R26,LOW(-@0)
                 	SBCI R27,HIGH(-@0)
                 	CALL __EEPROMRDD
                 	ICALL
                 	.ENDM
                 
                 	.MACRO __GETW1STACK
                 	IN   R30,SPL
                 	IN   R31,SPH
                 	ADIW R30,@0+1
                 	LD   R0,Z+
                 	LD   R31,Z
                 	MOV  R30,R0
                 	.ENDM
                 
                 	.MACRO __GETD1STACK
                 	IN   R30,SPL
                 	IN   R31,SPH
                 	ADIW R30,@0+1
                 	LD   R0,Z+
                 	LD   R1,Z+
                 	LD   R22,Z
                 	MOVW R30,R0
                 	.ENDM
                 
                 	.MACRO __NBST
                 	BST  R@0,@1
                 	IN   R30,SREG
                 	LDI  R31,0x40
                 	EOR  R30,R31
                 	OUT  SREG,R30
                 	.ENDM
                 
                 
                 	.MACRO __PUTB1SN
                 	LDD  R26,Y+@0
                 	LDD  R27,Y+@0+1
                 	SUBI R26,LOW(-@1)
                 	SBCI R27,HIGH(-@1)
                 	ST   X,R30
                 	.ENDM
                 
                 	.MACRO __PUTW1SN
                 	LDD  R26,Y+@0
                 	LDD  R27,Y+@0+1
                 	SUBI R26,LOW(-@1)
                 	SBCI R27,HIGH(-@1)
                 	ST   X+,R30
                 	ST   X,R31
                 	.ENDM
                 
                 	.MACRO __PUTD1SN
                 	LDD  R26,Y+@0
                 	LDD  R27,Y+@0+1
                 	SUBI R26,LOW(-@1)
                 	SBCI R27,HIGH(-@1)
                 	CALL __PUTDP1
                 	.ENDM
                 
                 	.MACRO __PUTB1SNS
                 	LDD  R26,Y+@0
                 	LDD  R27,Y+@0+1
                 	ADIW R26,@1
                 	ST   X,R30
                 	.ENDM
                 
                 	.MACRO __PUTW1SNS
                 	LDD  R26,Y+@0
                 	LDD  R27,Y+@0+1
                 	ADIW R26,@1
                 	ST   X+,R30
                 	ST   X,R31
                 	.ENDM
                 
                 	.MACRO __PUTD1SNS
                 	LDD  R26,Y+@0
                 	LDD  R27,Y+@0+1
                 	ADIW R26,@1
                 	CALL __PUTDP1
                 	.ENDM
                 
                 	.MACRO __PUTB1PMN
                 	LDS  R26,@0
                 	LDS  R27,@0+1
                 	SUBI R26,LOW(-@1)
                 	SBCI R27,HIGH(-@1)
                 	ST   X,R30
                 	.ENDM
                 
                 	.MACRO __PUTW1PMN
                 	LDS  R26,@0
                 	LDS  R27,@0+1
                 	SUBI R26,LOW(-@1)
                 	SBCI R27,HIGH(-@1)
                 	ST   X+,R30
                 	ST   X,R31
                 	.ENDM
                 
                 	.MACRO __PUTD1PMN
                 	LDS  R26,@0
                 	LDS  R27,@0+1
                 	SUBI R26,LOW(-@1)
                 	SBCI R27,HIGH(-@1)
                 	CALL __PUTDP1
                 	.ENDM
                 
                 	.MACRO __PUTB1PMNS
                 	LDS  R26,@0
                 	LDS  R27,@0+1
                 	ADIW R26,@1
                 	ST   X,R30
                 	.ENDM
                 
                 	.MACRO __PUTW1PMNS
                 	LDS  R26,@0
                 	LDS  R27,@0+1
                 	ADIW R26,@1
                 	ST   X+,R30
                 	ST   X,R31
                 	.ENDM
                 
                 	.MACRO __PUTD1PMNS
                 	LDS  R26,@0
                 	LDS  R27,@0+1
                 	ADIW R26,@1
                 	CALL __PUTDP1
                 	.ENDM
                 
                 	.MACRO __PUTB1RN
                 	MOVW R26,R@0
                 	SUBI R26,LOW(-@1)
                 	SBCI R27,HIGH(-@1)
                 	ST   X,R30
                 	.ENDM
                 
                 	.MACRO __PUTW1RN
                 	MOVW R26,R@0
                 	SUBI R26,LOW(-@1)
                 	SBCI R27,HIGH(-@1)
                 	ST   X+,R30
                 	ST   X,R31
                 	.ENDM
                 
                 	.MACRO __PUTD1RN
                 	MOVW R26,R@0
                 	SUBI R26,LOW(-@1)
                 	SBCI R27,HIGH(-@1)
                 	CALL __PUTDP1
                 	.ENDM
                 
                 	.MACRO __PUTB1RNS
                 	MOVW R26,R@0
                 	ADIW R26,@1
                 	ST   X,R30
                 	.ENDM
                 
                 	.MACRO __PUTW1RNS
                 	MOVW R26,R@0
                 	ADIW R26,@1
                 	ST   X+,R30
                 	ST   X,R31
                 	.ENDM
                 
                 	.MACRO __PUTD1RNS
                 	MOVW R26,R@0
                 	ADIW R26,@1
                 	CALL __PUTDP1
                 	.ENDM
                 
                 	.MACRO __PUTB1RON
                 	MOV  R26,R@0
                 	MOV  R27,R@1
                 	SUBI R26,LOW(-@2)
                 	SBCI R27,HIGH(-@2)
                 	ST   X,R30
                 	.ENDM
                 
                 	.MACRO __PUTW1RON
                 	MOV  R26,R@0
                 	MOV  R27,R@1
                 	SUBI R26,LOW(-@2)
                 	SBCI R27,HIGH(-@2)
                 	ST   X+,R30
                 	ST   X,R31
                 	.ENDM
                 
                 	.MACRO __PUTD1RON
                 	MOV  R26,R@0
                 	MOV  R27,R@1
                 	SUBI R26,LOW(-@2)
                 	SBCI R27,HIGH(-@2)
                 	CALL __PUTDP1
                 	.ENDM
                 
                 	.MACRO __PUTB1RONS
                 	MOV  R26,R@0
                 	MOV  R27,R@1
                 	ADIW R26,@2
                 	ST   X,R30
                 	.ENDM
                 
                 	.MACRO __PUTW1RONS
                 	MOV  R26,R@0
                 	MOV  R27,R@1
                 	ADIW R26,@2
                 	ST   X+,R30
                 	ST   X,R31
                 	.ENDM
                 
                 	.MACRO __PUTD1RONS
                 	MOV  R26,R@0
                 	MOV  R27,R@1
                 	ADIW R26,@2
                 	CALL __PUTDP1
                 	.ENDM
                 
                 
                 	.MACRO __GETB1SX
                 	MOVW R30,R28
                 	SUBI R30,LOW(-@0)
                 	SBCI R31,HIGH(-@0)
                 	LD   R30,Z
                 	.ENDM
                 
                 	.MACRO __GETB1HSX
                 	MOVW R30,R28
                 	SUBI R30,LOW(-@0)
                 	SBCI R31,HIGH(-@0)
                 	LD   R31,Z
                 	.ENDM
                 
                 	.MACRO __GETW1SX
                 	MOVW R30,R28
                 	SUBI R30,LOW(-@0)
                 	SBCI R31,HIGH(-@0)
                 	LD   R0,Z+
                 	LD   R31,Z
                 	MOV  R30,R0
                 	.ENDM
                 
                 	.MACRO __GETD1SX
                 	MOVW R30,R28
                 	SUBI R30,LOW(-@0)
                 	SBCI R31,HIGH(-@0)
                 	LD   R0,Z+
                 	LD   R1,Z+
                 	LD   R22,Z+
                 	LD   R23,Z
                 	MOVW R30,R0
                 	.ENDM
                 
                 	.MACRO __GETB2SX
                 	MOVW R26,R28
                 	SUBI R26,LOW(-@0)
                 	SBCI R27,HIGH(-@0)
                 	LD   R26,X
                 	.ENDM
                 
                 	.MACRO __GETW2SX
                 	MOVW R26,R28
                 	SUBI R26,LOW(-@0)
                 	SBCI R27,HIGH(-@0)
                 	LD   R0,X+
                 	LD   R27,X
                 	MOV  R26,R0
                 	.ENDM
                 
                 	.MACRO __GETD2SX
                 	MOVW R26,R28
                 	SUBI R26,LOW(-@0)
                 	SBCI R27,HIGH(-@0)
                 	LD   R0,X+
                 	LD   R1,X+
                 	LD   R24,X+
                 	LD   R25,X
                 	MOVW R26,R0
                 	.ENDM
                 
                 	.MACRO __GETBRSX
                 	MOVW R30,R28
                 	SUBI R30,LOW(-@1)
                 	SBCI R31,HIGH(-@1)
                 	LD   R@0,Z
                 	.ENDM
                 
                 	.MACRO __GETWRSX
                 	MOVW R30,R28
                 	SUBI R30,LOW(-@2)
                 	SBCI R31,HIGH(-@2)
                 	LD   R@0,Z+
                 	LD   R@1,Z
                 	.ENDM
                 
                 	.MACRO __GETBRSX2
                 	MOVW R26,R28
                 	SUBI R26,LOW(-@1)
                 	SBCI R27,HIGH(-@1)
                 	LD   R@0,X
                 	.ENDM
                 
                 	.MACRO __GETWRSX2
                 	MOVW R26,R28
                 	SUBI R26,LOW(-@2)
                 	SBCI R27,HIGH(-@2)
                 	LD   R@0,X+
                 	LD   R@1,X
                 	.ENDM
                 
                 	.MACRO __LSLW8SX
                 	MOVW R30,R28
                 	SUBI R30,LOW(-@0)
                 	SBCI R31,HIGH(-@0)
                 	LD   R31,Z
                 	CLR  R30
                 	.ENDM
                 
                 	.MACRO __PUTB1SX
                 	MOVW R26,R28
                 	SUBI R26,LOW(-@0)
                 	SBCI R27,HIGH(-@0)
                 	ST   X,R30
                 	.ENDM
                 
                 	.MACRO __PUTW1SX
                 	MOVW R26,R28
                 	SUBI R26,LOW(-@0)
                 	SBCI R27,HIGH(-@0)
                 	ST   X+,R30
                 	ST   X,R31
                 	.ENDM
                 
                 	.MACRO __PUTD1SX
                 	MOVW R26,R28
                 	SUBI R26,LOW(-@0)
                 	SBCI R27,HIGH(-@0)
                 	ST   X+,R30
                 	ST   X+,R31
                 	ST   X+,R22
                 	ST   X,R23
                 	.ENDM
                 
                 	.MACRO __CLRW1SX
                 	MOVW R26,R28
                 	SUBI R26,LOW(-@0)
                 	SBCI R27,HIGH(-@0)
                 	ST   X+,R30
                 	ST   X,R30
                 	.ENDM
                 
                 	.MACRO __CLRD1SX
                 	MOVW R26,R28
                 	SUBI R26,LOW(-@0)
                 	SBCI R27,HIGH(-@0)
                 	ST   X+,R30
                 	ST   X+,R30
                 	ST   X+,R30
                 	ST   X,R30
                 	.ENDM
                 
                 	.MACRO __PUTB2SX
                 	MOVW R30,R28
                 	SUBI R30,LOW(-@0)
                 	SBCI R31,HIGH(-@0)
                 	ST   Z,R26
                 	.ENDM
                 
                 	.MACRO __PUTW2SX
                 	MOVW R30,R28
                 	SUBI R30,LOW(-@0)
                 	SBCI R31,HIGH(-@0)
                 	ST   Z+,R26
                 	ST   Z,R27
                 	.ENDM
                 
                 	.MACRO __PUTD2SX
                 	MOVW R30,R28
                 	SUBI R30,LOW(-@0)
                 	SBCI R31,HIGH(-@0)
                 	ST   Z+,R26
                 	ST   Z+,R27
                 	ST   Z+,R24
                 	ST   Z,R25
                 	.ENDM
                 
                 	.MACRO __PUTBSRX
                 	MOVW R30,R28
                 	SUBI R30,LOW(-@1)
                 	SBCI R31,HIGH(-@1)
                 	ST   Z,R@0
                 	.ENDM
                 
                 	.MACRO __PUTWSRX
                 	MOVW R30,R28
                 	SUBI R30,LOW(-@2)
                 	SBCI R31,HIGH(-@2)
                 	ST   Z+,R@0
                 	ST   Z,R@1
                 	.ENDM
                 
                 	.MACRO __PUTB1SNX
                 	MOVW R26,R28
                 	SUBI R26,LOW(-@0)
                 	SBCI R27,HIGH(-@0)
                 	LD   R0,X+
                 	LD   R27,X
                 	MOV  R26,R0
                 	SUBI R26,LOW(-@1)
                 	SBCI R27,HIGH(-@1)
                 	ST   X,R30
                 	.ENDM
                 
                 	.MACRO __PUTW1SNX
                 	MOVW R26,R28
                 	SUBI R26,LOW(-@0)
                 	SBCI R27,HIGH(-@0)
                 	LD   R0,X+
                 	LD   R27,X
                 	MOV  R26,R0
                 	SUBI R26,LOW(-@1)
                 	SBCI R27,HIGH(-@1)
                 	ST   X+,R30
                 	ST   X,R31
                 	.ENDM
                 
                 	.MACRO __PUTD1SNX
                 	MOVW R26,R28
                 	SUBI R26,LOW(-@0)
                 	SBCI R27,HIGH(-@0)
                 	LD   R0,X+
                 	LD   R27,X
                 	MOV  R26,R0
                 	SUBI R26,LOW(-@1)
                 	SBCI R27,HIGH(-@1)
                 	ST   X+,R30
                 	ST   X+,R31
                 	ST   X+,R22
                 	ST   X,R23
                 	.ENDM
                 
                 	.MACRO __MULBRR
                 	MULS R@0,R@1
                 	MOVW R30,R0
                 	.ENDM
                 
                 	.MACRO __MULBRRU
                 	MUL  R@0,R@1
                 	MOVW R30,R0
                 	.ENDM
                 
                 	.MACRO __MULBRR0
                 	MULS R@0,R@1
                 	.ENDM
                 
                 	.MACRO __MULBRRU0
                 	MUL  R@0,R@1
                 	.ENDM
                 
                 	.MACRO __MULBNWRU
                 	LDI  R26,@2
                 	MUL  R26,R@0
                 	MOVW R30,R0
                 	MUL  R26,R@1
                 	ADD  R31,R0
                 	.ENDM
                 
                 ;NAME DEFINITIONS FOR GLOBAL VARIABLES ALLOCATED TO REGISTERS
                 	.DEF _key=R4
                 	.DEF _key_msb=R5
                 	.DEF _sec=R6
                 	.DEF _sec_msb=R7
                 	.DEF _count=R8
                 	.DEF _count_msb=R9
                 	.DEF _t=R10
                 	.DEF _t_msb=R11
                 	.DEF _TM=R12
                 	.DEF _TM_msb=R13
                 
                 	.CSEG
                 	.ORG 0x00
                 
                 ;START OF CODE MARKER
                 __START_OF_CODE:
                 
                 ;INTERRUPT VECTORS
000000 940c 003a 	JMP  __RESET
000002 940c 0000 	JMP  0x00
000004 940c 0000 	JMP  0x00
000006 940c 0000 	JMP  0x00
000008 940c 0000 	JMP  0x00
00000a 940c 0000 	JMP  0x00
00000c 940c 0000 	JMP  0x00
00000e 940c 0000 	JMP  0x00
000010 940c 0000 	JMP  0x00
000012 940c 00ee 	JMP  _timer1_ovf_isr
000014 940c 0000 	JMP  0x00
000016 940c 0000 	JMP  0x00
000018 940c 0000 	JMP  0x00
00001a 940c 0000 	JMP  0x00
00001c 940c 0000 	JMP  0x00
00001e 940c 0000 	JMP  0x00
000020 940c 0000 	JMP  0x00
000022 940c 0000 	JMP  0x00
000024 940c 0000 	JMP  0x00
000026 940c 0000 	JMP  0x00
000028 940c 0000 	JMP  0x00
                 
                 ;GLOBAL REGISTER VARIABLES INITIALIZATION
                 __REG_VARS:
00002a 00ff
00002b 0000      	.DB  0xFF,0x0,0x0,0x0
00002c 0000
00002d 0000      	.DB  0x0,0x0,0x0,0x0
                 
                 _0x3:
00002e f9c0
00002f b0a4
000030 9299
000031 f882      	.DB  0xC0,0xF9,0xA4,0xB0,0x99,0x92,0x82,0xF8
000032 9080      	.DB  0x80,0x90
                 
                 __GLOBAL_INI_TBL:
000033 0008      	.DW  0x08
000034 0004      	.DW  0x04
000035 0054      	.DW  __REG_VARS*2
                 
000036 000a      	.DW  0x0A
000037 0260      	.DW  _seg
000038 005c      	.DW  _0x3*2
                 
                 _0xFFFFFFFF:
000039 0000      	.DW  0
                 
                 #define __GLOBAL_INI_TBL_PRESENT 1
                 
                 __RESET:
00003a 94f8      	CLI
00003b 27ee      	CLR  R30
00003c bbec      	OUT  EECR,R30
                 
                 ;INTERRUPT VECTORS ARE PLACED
                 ;AT THE START OF FLASH
00003d e0f1      	LDI  R31,1
00003e bffb      	OUT  GICR,R31
00003f bfeb      	OUT  GICR,R30
000040 bfe5      	OUT  MCUCR,R30
                 
                 ;CLEAR R2-R14
000041 e08d      	LDI  R24,(14-2)+1
000042 e0a2      	LDI  R26,2
000043 27bb      	CLR  R27
                 __CLEAR_REG:
000044 93ed      	ST   X+,R30
000045 958a      	DEC  R24
000046 f7e9      	BRNE __CLEAR_REG
                 
                 ;CLEAR SRAM
000047 e080      	LDI  R24,LOW(__CLEAR_SRAM_SIZE)
000048 e098      	LDI  R25,HIGH(__CLEAR_SRAM_SIZE)
000049 e6a0      	LDI  R26,__SRAM_START
                 __CLEAR_SRAM:
00004a 93ed      	ST   X+,R30
00004b 9701      	SBIW R24,1
00004c f7e9      	BRNE __CLEAR_SRAM
                 
                 ;GLOBAL VARIABLES INITIALIZATION
00004d e6e6      	LDI  R30,LOW(__GLOBAL_INI_TBL*2)
00004e e0f0      	LDI  R31,HIGH(__GLOBAL_INI_TBL*2)
                 __GLOBAL_INI_NEXT:
00004f 9185      	LPM  R24,Z+
000050 9195      	LPM  R25,Z+
000051 9700      	SBIW R24,0
000052 f061      	BREQ __GLOBAL_INI_END
000053 91a5      	LPM  R26,Z+
000054 91b5      	LPM  R27,Z+
000055 9005      	LPM  R0,Z+
000056 9015      	LPM  R1,Z+
000057 01bf      	MOVW R22,R30
000058 01f0      	MOVW R30,R0
                 __GLOBAL_INI_LOOP:
000059 9005      	LPM  R0,Z+
00005a 920d      	ST   X+,R0
00005b 9701      	SBIW R24,1
00005c f7e1      	BRNE __GLOBAL_INI_LOOP
00005d 01fb      	MOVW R30,R22
00005e cff0      	RJMP __GLOBAL_INI_NEXT
                 __GLOBAL_INI_END:
                 
                 ;HARDWARE STACK POINTER INITIALIZATION
00005f e5ef      	LDI  R30,LOW(__SRAM_END-__HEAP_SIZE)
000060 bfed      	OUT  SPL,R30
000061 e0e8      	LDI  R30,HIGH(__SRAM_END-__HEAP_SIZE)
000062 bfee      	OUT  SPH,R30
                 
                 ;DATA STACK POINTER INITIALIZATION
000063 e6c0      	LDI  R28,LOW(__SRAM_START+__DSTACK_SIZE)
000064 e0d2      	LDI  R29,HIGH(__SRAM_START+__DSTACK_SIZE)
                 
000065 940c 0132 	JMP  _main
                 
                 	.ESEG
                 	.ORG 0
                 
                 	.DSEG
                 	.ORG 0x260
                 
                 	.CSEG
                 ;
                 ;#include <mega32.h>
                 	#ifndef __SLEEP_DEFINED__
                 	#define __SLEEP_DEFINED__
                 	.EQU __se_bit=0x80
                 	.EQU __sm_mask=0x70
                 	.EQU __sm_powerdown=0x20
                 	.EQU __sm_powersave=0x30
                 	.EQU __sm_standby=0x60
                 	.EQU __sm_ext_standby=0x70
                 	.EQU __sm_adc_noise_red=0x10
                 	.SET power_ctrl_reg=mcucr
                 	#endif
                 ;#include <delay.h>
                 ;
                 ;unsigned char seg[10] = {0xc0,0xf9,0xa4,0xb0,0x99,0x92,0x82,0xf8,0x80,0x90};
                 
                 	.DSEG
                 ;int key=255,sec,count=0;
                 ;unsigned int t=0,TM;
                 ;
                 ;int get_key (void){
                 ; 0000 0009 int get_key (void){
                 
                 	.CSEG
                 _get_key:
                 ; .FSTART _get_key
                 ; 0000 000A 
                 ; 0000 000B PORTC = 0b00001100;                 //key 1,4,7,*
000067 e0ec      	LDI  R30,LOW(12)
000068 bbe5      	OUT  0x15,R30
                 ; 0000 000C if(PIND.0==0){
000069 9980      	SBIC 0x10,0
00006a c005      	RJMP _0x4
                 ; 0000 000D while(!PIND.0);
                 _0x5:
00006b 9b80      	SBIS 0x10,0
00006c cffe      	RJMP _0x5
                 ; 0000 000E return 1;
00006d e0e1      	LDI  R30,LOW(1)
00006e e0f0      	LDI  R31,HIGH(1)
00006f 9508      	RET
                 ; 0000 000F }
                 ; 0000 0010 if(PIND.1==0){
                 _0x4:
000070 9981      	SBIC 0x10,1
000071 c005      	RJMP _0x8
                 ; 0000 0011 while(!PIND.1);
                 _0x9:
000072 9b81      	SBIS 0x10,1
000073 cffe      	RJMP _0x9
                 ; 0000 0012 return 4;
000074 e0e4      	LDI  R30,LOW(4)
000075 e0f0      	LDI  R31,HIGH(4)
000076 9508      	RET
                 ; 0000 0013 }
                 ; 0000 0014 if(PIND.2==0){
                 _0x8:
000077 9982      	SBIC 0x10,2
000078 c005      	RJMP _0xC
                 ; 0000 0015 while(!PIND.2);
                 _0xD:
000079 9b82      	SBIS 0x10,2
00007a cffe      	RJMP _0xD
                 ; 0000 0016 return 7;
00007b e0e7      	LDI  R30,LOW(7)
00007c e0f0      	LDI  R31,HIGH(7)
00007d 9508      	RET
                 ; 0000 0017 }
                 ; 0000 0018 if(PIND.3==0){
                 _0xC:
00007e 9983      	SBIC 0x10,3
00007f c005      	RJMP _0x10
                 ; 0000 0019 while(!PIND.3);
                 _0x11:
000080 9b83      	SBIS 0x10,3
000081 cffe      	RJMP _0x11
                 ; 0000 001A return 200;
000082 ece8      	LDI  R30,LOW(200)
000083 e0f0      	LDI  R31,HIGH(200)
000084 9508      	RET
                 ; 0000 001B }
                 ; 0000 001C 
                 ; 0000 001D PORTC = 0b00001010;                 //key 2,5,8,0
                 _0x10:
000085 e0ea      	LDI  R30,LOW(10)
000086 bbe5      	OUT  0x15,R30
                 ; 0000 001E if(PIND.0==0){
000087 9980      	SBIC 0x10,0
000088 c005      	RJMP _0x14
                 ; 0000 001F while(!PIND.0);
                 _0x15:
000089 9b80      	SBIS 0x10,0
00008a cffe      	RJMP _0x15
                 ; 0000 0020 return 2;
00008b e0e2      	LDI  R30,LOW(2)
00008c e0f0      	LDI  R31,HIGH(2)
00008d 9508      	RET
                 ; 0000 0021 }
                 ; 0000 0022 if(PIND.1==0){
                 _0x14:
00008e 9981      	SBIC 0x10,1
00008f c005      	RJMP _0x18
                 ; 0000 0023 while(!PIND.1);
                 _0x19:
000090 9b81      	SBIS 0x10,1
000091 cffe      	RJMP _0x19
                 ; 0000 0024 return 5;
000092 e0e5      	LDI  R30,LOW(5)
000093 e0f0      	LDI  R31,HIGH(5)
000094 9508      	RET
                 ; 0000 0025 }
                 ; 0000 0026 if(PIND.2==0){
                 _0x18:
000095 9982      	SBIC 0x10,2
000096 c005      	RJMP _0x1C
                 ; 0000 0027 while(!PIND.2);
                 _0x1D:
000097 9b82      	SBIS 0x10,2
000098 cffe      	RJMP _0x1D
                 ; 0000 0028 return 8;
000099 e0e8      	LDI  R30,LOW(8)
00009a e0f0      	LDI  R31,HIGH(8)
00009b 9508      	RET
                 ; 0000 0029 }
                 ; 0000 002A if(PIND.3==0){
                 _0x1C:
00009c 9983      	SBIC 0x10,3
00009d c005      	RJMP _0x20
                 ; 0000 002B while(!PIND.3);
                 _0x21:
00009e 9b83      	SBIS 0x10,3
00009f cffe      	RJMP _0x21
                 ; 0000 002C return 0;
0000a0 e0e0      	LDI  R30,LOW(0)
0000a1 e0f0      	LDI  R31,HIGH(0)
0000a2 9508      	RET
                 ; 0000 002D }
                 ; 0000 002E 
                 ; 0000 002F PORTC = 0b00000110;                 //key 3,6,9,#
                 _0x20:
0000a3 e0e6      	LDI  R30,LOW(6)
0000a4 bbe5      	OUT  0x15,R30
                 ; 0000 0030 if(PIND.0==0){
0000a5 9980      	SBIC 0x10,0
0000a6 c005      	RJMP _0x24
                 ; 0000 0031 while(!PIND.0);
                 _0x25:
0000a7 9b80      	SBIS 0x10,0
0000a8 cffe      	RJMP _0x25
                 ; 0000 0032 return 3;
0000a9 e0e3      	LDI  R30,LOW(3)
0000aa e0f0      	LDI  R31,HIGH(3)
0000ab 9508      	RET
                 ; 0000 0033 }
                 ; 0000 0034 if(PIND.1==0){
                 _0x24:
0000ac 9981      	SBIC 0x10,1
0000ad c005      	RJMP _0x28
                 ; 0000 0035 while(!PIND.1);
                 _0x29:
0000ae 9b81      	SBIS 0x10,1
0000af cffe      	RJMP _0x29
                 ; 0000 0036 return 6;
0000b0 e0e6      	LDI  R30,LOW(6)
0000b1 e0f0      	LDI  R31,HIGH(6)
0000b2 9508      	RET
                 ; 0000 0037 }
                 ; 0000 0038 if(PIND.2==0){
                 _0x28:
0000b3 9982      	SBIC 0x10,2
0000b4 c005      	RJMP _0x2C
                 ; 0000 0039 while(!PIND.2);
                 _0x2D:
0000b5 9b82      	SBIS 0x10,2
0000b6 cffe      	RJMP _0x2D
                 ; 0000 003A return 9;
0000b7 e0e9      	LDI  R30,LOW(9)
0000b8 e0f0      	LDI  R31,HIGH(9)
0000b9 9508      	RET
                 ; 0000 003B }
                 ; 0000 003C if(PIND.3==0){
                 _0x2C:
0000ba 9983      	SBIC 0x10,3
0000bb c005      	RJMP _0x30
                 ; 0000 003D while(!PIND.3);
                 _0x31:
0000bc 9b83      	SBIS 0x10,3
0000bd cffe      	RJMP _0x31
                 ; 0000 003E return 100;
0000be e6e4      	LDI  R30,LOW(100)
0000bf e0f0      	LDI  R31,HIGH(100)
0000c0 9508      	RET
                 ; 0000 003F }
                 ; 0000 0040 
                 ; 0000 0041 PORTD = 0x0F;
                 _0x30:
0000c1 e0ef      	LDI  R30,LOW(15)
0000c2 bbe2      	OUT  0x12,R30
                 ; 0000 0042 return 255;
0000c3 efef      	LDI  R30,LOW(255)
0000c4 e0f0      	LDI  R31,HIGH(255)
0000c5 9508      	RET
                 ; 0000 0043 }
                 ; .FEND
                 ;
                 ;void set_time (void){
                 ; 0000 0045 void set_time (void){
                 _set_time:
                 ; .FSTART _set_time
                 ; 0000 0046 while(key!=200){                    //œ—Ì«›  ⁄œœ «“ òÌ Åœ  « “„«‰ÌòÂ * ›‘—œÂ ‰‘œÂ
                 _0x34:
0000c6 ece8      	LDI  R30,LOW(200)
0000c7 e0f0      	LDI  R31,HIGH(200)
0000c8 15e4      	CP   R30,R4
0000c9 05f5      	CPC  R31,R5
0000ca f111      	BREQ _0x36
                 ; 0000 0047     key = get_key();
0000cb df9b      	RCALL _get_key
0000cc 012f      	MOVW R4,R30
                 ; 0000 0048     if(key<10){
0000cd e0ea      	LDI  R30,LOW(10)
0000ce e0f0      	LDI  R31,HIGH(10)
0000cf 164e      	CP   R4,R30
0000d0 065f      	CPC  R5,R31
0000d1 f474      	BRGE _0x37
                 ; 0000 0049     t = (t*10) + key;
0000d2 01f5      	MOVW R30,R10
0000d3 e0aa      	LDI  R26,LOW(10)
0000d4 e0b0      	LDI  R27,HIGH(10)
0000d5 940e 01b1 	CALL __MULW12U
0000d7 0de4      	ADD  R30,R4
0000d8 1df5      	ADC  R31,R5
0000d9 015f      	MOVW R10,R30
                 ; 0000 004A     t = t % 10000;
0000da 01d5      	MOVW R26,R10
0000db e1e0      	LDI  R30,LOW(10000)
0000dc e2f7      	LDI  R31,HIGH(10000)
0000dd 940e 01cc 	CALL __MODW21U
0000df 015f      	MOVW R10,R30
                 ; 0000 004B     }
                 ; 0000 004C 
                 ; 0000 004D     PORTB = 0b00000001;             //‰„«Ì‘
                 _0x37:
0000e0 e0e1      	LDI  R30,LOW(1)
0000e1 d07b      	RCALL SUBOPT_0x0
                 ; 0000 004E     PORTA = 0xFF;
                 ; 0000 004F     PORTA = seg[(t/100)/10];
0000e2 d086      	RCALL SUBOPT_0x1
                 ; 0000 0050     delay_us(5);
                 ; 0000 0051 
                 ; 0000 0052     PORTB = 0b00000010;
0000e3 e0e2      	LDI  R30,LOW(2)
0000e4 d078      	RCALL SUBOPT_0x0
                 ; 0000 0053     PORTA = 0xFF;
                 ; 0000 0054     PORTA = seg[(t/100)%10];
0000e5 d08d      	RCALL SUBOPT_0x2
                 ; 0000 0055     delay_us(5);
                 ; 0000 0056 
                 ; 0000 0057     PORTB = 0b00000100;
0000e6 e0e4      	LDI  R30,LOW(4)
0000e7 d095      	RCALL SUBOPT_0x3
                 ; 0000 0058     PORTA = 0xFF;
                 ; 0000 0059     PORTA = seg[(t%100)/10];
0000e8 d080      	RCALL SUBOPT_0x1
                 ; 0000 005A     delay_us(5);
                 ; 0000 005B 
                 ; 0000 005C     PORTB = 0b00001000;
0000e9 e0e8      	LDI  R30,LOW(8)
0000ea d092      	RCALL SUBOPT_0x3
                 ; 0000 005D     PORTA = 0xFF;
                 ; 0000 005E     PORTA = seg[(t%100)%10];
0000eb d087      	RCALL SUBOPT_0x2
                 ; 0000 005F     delay_us(5);
                 ; 0000 0060 
                 ; 0000 0061 }
0000ec cfd9      	RJMP _0x34
                 _0x36:
                 ; 0000 0062 }
0000ed 9508      	RET
                 ; .FEND
                 ;
                 ;interrupt [TIM1_OVF] void timer1_ovf_isr(void)
                 ; 0000 0065 {
                 _timer1_ovf_isr:
                 ; .FSTART _timer1_ovf_isr
0000ee 920a      	ST   -Y,R0
0000ef 921a      	ST   -Y,R1
0000f0 939a      	ST   -Y,R25
0000f1 93aa      	ST   -Y,R26
0000f2 93ba      	ST   -Y,R27
0000f3 93ea      	ST   -Y,R30
0000f4 93fa      	ST   -Y,R31
0000f5 b7ef      	IN   R30,SREG
0000f6 93ea      	ST   -Y,R30
                 ; 0000 0066 PORTC.0 = ~(PORTC.0);
0000f7 9ba8      	SBIS 0x15,0
0000f8 c002      	RJMP _0x38
0000f9 98a8      	CBI  0x15,0
0000fa c001      	RJMP _0x39
                 _0x38:
0000fb 9aa8      	SBI  0x15,0
                 _0x39:
                 ; 0000 0067 count++;
0000fc 01f4      	MOVW R30,R8
0000fd 9631      	ADIW R30,1
0000fe 014f      	MOVW R8,R30
                 ; 0000 0068 if(count==2){                       //Å” «“ ‘„—œ‰ œÊ ‰Ì„ À«‰ÌÂ
0000ff e0e2      	LDI  R30,LOW(2)
000100 e0f0      	LDI  R31,HIGH(2)
000101 15e8      	CP   R30,R8
000102 05f9      	CPC  R31,R9
000103 f501      	BRNE _0x3A
                 ; 0000 0069 sec++;
000104 01f3      	MOVW R30,R6
000105 9631      	ADIW R30,1
000106 013f      	MOVW R6,R30
                 ; 0000 006A if(sec>59){
000107 e3eb      	LDI  R30,LOW(59)
000108 e0f0      	LDI  R31,HIGH(59)
000109 15e6      	CP   R30,R6
00010a 05f7      	CPC  R31,R7
00010b f4b4      	BRGE _0x3B
                 ; 0000 006B sec=0;
00010c 2466      	CLR  R6
00010d 2477      	CLR  R7
                 ; 0000 006C TM++;
00010e 01f6      	MOVW R30,R12
00010f 9631      	ADIW R30,1
000110 016f      	MOVW R12,R30
                 ; 0000 006D if(TM%100>59){
000111 d077      	RCALL SUBOPT_0x4
000112 97fc      	SBIW R30,60
000113 f070      	BRLO _0x3C
                 ; 0000 006E TM=(TM/100)*100;
000114 d07a      	RCALL SUBOPT_0x5
000115 e6a4      	LDI  R26,LOW(100)
000116 e0b0      	LDI  R27,HIGH(100)
000117 940e 01b1 	CALL __MULW12U
000119 016f      	MOVW R12,R30
                 ; 0000 006F TM+=100;
00011a 59ec      	SUBI R30,LOW(-100)
00011b 4fff      	SBCI R31,HIGH(-100)
00011c 016f      	MOVW R12,R30
                 ; 0000 0070 if(TM/100>23)
00011d d071      	RCALL SUBOPT_0x5
00011e 9778      	SBIW R30,24
00011f f010      	BRLO _0x3D
                 ; 0000 0071 TM=0;
000120 24cc      	CLR  R12
000121 24dd      	CLR  R13
                 ; 0000 0072 }
                 _0x3D:
                 ; 0000 0073 }
                 _0x3C:
                 ; 0000 0074 count=0;
                 _0x3B:
000122 2488      	CLR  R8
000123 2499      	CLR  R9
                 ; 0000 0075 }
                 ; 0000 0076 TCNT1H = 0xC2;
                 _0x3A:
000124 ece2      	LDI  R30,LOW(194)
000125 bded      	OUT  0x2D,R30
                 ; 0000 0077 TCNT1L = 0xF7;
000126 efe7      	LDI  R30,LOW(247)
000127 bdec      	OUT  0x2C,R30
                 ; 0000 0078 }
000128 91e9      	LD   R30,Y+
000129 bfef      	OUT  SREG,R30
00012a 91f9      	LD   R31,Y+
00012b 91e9      	LD   R30,Y+
00012c 91b9      	LD   R27,Y+
00012d 91a9      	LD   R26,Y+
00012e 9199      	LD   R25,Y+
00012f 9019      	LD   R1,Y+
000130 9009      	LD   R0,Y+
000131 9518      	RETI
                 ; .FEND
                 ;
                 ;void main(void)
                 ; 0000 007B {
                 _main:
                 ; .FSTART _main
                 ; 0000 007C //input & output ports
                 ; 0000 007D DDRA = 0xFF;
000132 efef      	LDI  R30,LOW(255)
000133 bbea      	OUT  0x1A,R30
                 ; 0000 007E DDRB = 0x0F;
000134 e0ef      	LDI  R30,LOW(15)
000135 bbe7      	OUT  0x17,R30
                 ; 0000 007F DDRC=0x0F;
000136 bbe4      	OUT  0x14,R30
                 ; 0000 0080 
                 ; 0000 0081 PORTD=0x0F;                         //make pull-up resistors bit 0-3 of D active
000137 bbe2      	OUT  0x12,R30
                 ; 0000 0082 
                 ; 0000 0083 set_time();
000138 df8d      	RCALL _set_time
                 ; 0000 0084 TM = t;
000139 0165      	MOVW R12,R10
                 ; 0000 0085 
                 ; 0000 0086 //timer 1
                 ; 0000 0087 #asm("sei")
00013a 9478      	sei
                 ; 0000 0088 TCCR1B = (1<<CS12) ;                //clkI/O/256 (From prescaler)
00013b e0e4      	LDI  R30,LOW(4)
00013c bdee      	OUT  0x2E,R30
                 ; 0000 0089 TCNT1H = 0xC2;
00013d ece2      	LDI  R30,LOW(194)
00013e bded      	OUT  0x2D,R30
                 ; 0000 008A TCNT1L = 0xF7;
00013f efe7      	LDI  R30,LOW(247)
000140 bdec      	OUT  0x2C,R30
                 ; 0000 008B TIMSK = (1<<TOIE1);
000141 e0e4      	LDI  R30,LOW(4)
000142 bfe9      	OUT  0x39,R30
                 ; 0000 008C 
                 ; 0000 008D while (1)
                 _0x3E:
                 ; 0000 008E     {
                 ; 0000 008F 
                 ; 0000 0090     PORTB = 0b00000001;            //‰„«Ì‘ ”«⁄ 
000143 e0e1      	LDI  R30,LOW(1)
000144 bbe8      	OUT  0x18,R30
                 ; 0000 0091     PORTA = 0xFF;
000145 efef      	LDI  R30,LOW(255)
000146 bbeb      	OUT  0x1B,R30
                 ; 0000 0092     PORTA = seg[(TM/100)/10];
000147 d047      	RCALL SUBOPT_0x5
000148 d04c      	RCALL SUBOPT_0x6
                 ; 0000 0093     delay_us(100);
                 ; 0000 0094 
                 ; 0000 0095     PORTB = 0b00000010;
000149 e0e2      	LDI  R30,LOW(2)
00014a bbe8      	OUT  0x18,R30
                 ; 0000 0096     PORTA = 0xFF;
00014b efef      	LDI  R30,LOW(255)
00014c bbeb      	OUT  0x1B,R30
                 ; 0000 0097     PORTA = seg[(TM/100)%10];
00014d d041      	RCALL SUBOPT_0x5
00014e d054      	RCALL SUBOPT_0x7
                 ; 0000 0098     delay_us(100);
                 ; 0000 0099 
                 ; 0000 009A     PORTB = 0b00000100;
00014f e0e4      	LDI  R30,LOW(4)
000150 bbe8      	OUT  0x18,R30
                 ; 0000 009B     PORTA = 0xFF;
000151 efef      	LDI  R30,LOW(255)
000152 bbeb      	OUT  0x1B,R30
                 ; 0000 009C     PORTA = seg[(TM%100)/10];
000153 d035      	RCALL SUBOPT_0x4
000154 d040      	RCALL SUBOPT_0x6
                 ; 0000 009D     delay_us(100);
                 ; 0000 009E 
                 ; 0000 009F     PORTB = 0b00001000;
000155 e0e8      	LDI  R30,LOW(8)
000156 bbe8      	OUT  0x18,R30
                 ; 0000 00A0     PORTA = 0xFF;
000157 efef      	LDI  R30,LOW(255)
000158 bbeb      	OUT  0x1B,R30
                 ; 0000 00A1     PORTA = seg[(TM%100)%10];
000159 d02f      	RCALL SUBOPT_0x4
00015a d048      	RCALL SUBOPT_0x7
                 ; 0000 00A2     delay_us(100);
                 ; 0000 00A3     }
00015b cfe7      	RJMP _0x3E
                 ; 0000 00A4 }
                 _0x41:
00015c cfff      	RJMP _0x41
                 ; .FEND
                 
                 	.DSEG
                 _seg:
000260           	.BYTE 0xA
                 
                 	.CSEG
                 ;OPTIMIZER ADDED SUBROUTINE, CALLED 2 TIMES, CODE SIZE REDUCTION:6 WORDS
                 SUBOPT_0x0:
00015d bbe8      	OUT  0x18,R30
00015e efef      	LDI  R30,LOW(255)
00015f bbeb      	OUT  0x1B,R30
000160 01d5      	MOVW R26,R10
000161 e6e4      	LDI  R30,LOW(100)
000162 e0f0      	LDI  R31,HIGH(100)
000163 940e 01b9 	CALL __DIVW21U
000165 01df      	MOVW R26,R30
000166 e0ea      	LDI  R30,LOW(10)
000167 e0f0      	LDI  R31,HIGH(10)
000168 9508      	RET
                 
                 ;OPTIMIZER ADDED SUBROUTINE, CALLED 2 TIMES, CODE SIZE REDUCTION:4 WORDS
                 SUBOPT_0x1:
000169 940e 01b9 	CALL __DIVW21U
00016b 5ae0      	SUBI R30,LOW(-_seg)
00016c 4ffd      	SBCI R31,HIGH(-_seg)
00016d 81e0      	LD   R30,Z
00016e bbeb      	OUT  0x1B,R30
                +
00016f e08d     +LDI R24 , LOW ( 13 )
                +__DELAY_USB_LOOP :
000170 958a     +DEC R24
000171 f7f1     +BRNE __DELAY_USB_LOOP
                 	__DELAY_USB 13
000172 9508      	RET
                 
                 ;OPTIMIZER ADDED SUBROUTINE, CALLED 2 TIMES, CODE SIZE REDUCTION:4 WORDS
                 SUBOPT_0x2:
000173 940e 01cc 	CALL __MODW21U
000175 5ae0      	SUBI R30,LOW(-_seg)
000176 4ffd      	SBCI R31,HIGH(-_seg)
000177 81e0      	LD   R30,Z
000178 bbeb      	OUT  0x1B,R30
                +
000179 e08d     +LDI R24 , LOW ( 13 )
                +__DELAY_USB_LOOP :
00017a 958a     +DEC R24
00017b f7f1     +BRNE __DELAY_USB_LOOP
                 	__DELAY_USB 13
00017c 9508      	RET
                 
                 ;OPTIMIZER ADDED SUBROUTINE, CALLED 2 TIMES, CODE SIZE REDUCTION:6 WORDS
                 SUBOPT_0x3:
00017d bbe8      	OUT  0x18,R30
00017e efef      	LDI  R30,LOW(255)
00017f bbeb      	OUT  0x1B,R30
000180 01d5      	MOVW R26,R10
000181 e6e4      	LDI  R30,LOW(100)
000182 e0f0      	LDI  R31,HIGH(100)
000183 940e 01cc 	CALL __MODW21U
000185 01df      	MOVW R26,R30
000186 e0ea      	LDI  R30,LOW(10)
000187 e0f0      	LDI  R31,HIGH(10)
000188 9508      	RET
                 
                 ;OPTIMIZER ADDED SUBROUTINE, CALLED 3 TIMES, CODE SIZE REDUCTION:3 WORDS
                 SUBOPT_0x4:
000189 01d6      	MOVW R26,R12
00018a e6e4      	LDI  R30,LOW(100)
00018b e0f0      	LDI  R31,HIGH(100)
00018c 940e 01cc 	CALL __MODW21U
00018e 9508      	RET
                 
                 ;OPTIMIZER ADDED SUBROUTINE, CALLED 4 TIMES, CODE SIZE REDUCTION:6 WORDS
                 SUBOPT_0x5:
00018f 01d6      	MOVW R26,R12
000190 e6e4      	LDI  R30,LOW(100)
000191 e0f0      	LDI  R31,HIGH(100)
000192 940e 01b9 	CALL __DIVW21U
000194 9508      	RET
                 
                 ;OPTIMIZER ADDED SUBROUTINE, CALLED 2 TIMES, CODE SIZE REDUCTION:8 WORDS
                 SUBOPT_0x6:
000195 01df      	MOVW R26,R30
000196 e0ea      	LDI  R30,LOW(10)
000197 e0f0      	LDI  R31,HIGH(10)
000198 940e 01b9 	CALL __DIVW21U
00019a 5ae0      	SUBI R30,LOW(-_seg)
00019b 4ffd      	SBCI R31,HIGH(-_seg)
00019c 81e0      	LD   R30,Z
00019d bbeb      	OUT  0x1B,R30
                +
00019e ec88     +LDI R24 , LOW ( 200 )
00019f e090     +LDI R25 , HIGH ( 200 )
                +__DELAY_USW_LOOP :
0001a0 9701     +SBIW R24 , 1
0001a1 f7f1     +BRNE __DELAY_USW_LOOP
                 	__DELAY_USW 200
0001a2 9508      	RET
                 
                 ;OPTIMIZER ADDED SUBROUTINE, CALLED 2 TIMES, CODE SIZE REDUCTION:8 WORDS
                 SUBOPT_0x7:
0001a3 01df      	MOVW R26,R30
0001a4 e0ea      	LDI  R30,LOW(10)
0001a5 e0f0      	LDI  R31,HIGH(10)
0001a6 940e 01cc 	CALL __MODW21U
0001a8 5ae0      	SUBI R30,LOW(-_seg)
0001a9 4ffd      	SBCI R31,HIGH(-_seg)
0001aa 81e0      	LD   R30,Z
0001ab bbeb      	OUT  0x1B,R30
                +
0001ac ec88     +LDI R24 , LOW ( 200 )
0001ad e090     +LDI R25 , HIGH ( 200 )
                +__DELAY_USW_LOOP :
0001ae 9701     +SBIW R24 , 1
0001af f7f1     +BRNE __DELAY_USW_LOOP
                 	__DELAY_USW 200
0001b0 9508      	RET
                 
                 
                 	.CSEG
                 __MULW12U:
0001b1 9ffa      	MUL  R31,R26
0001b2 2df0      	MOV  R31,R0
0001b3 9feb      	MUL  R30,R27
0001b4 0df0      	ADD  R31,R0
0001b5 9fea      	MUL  R30,R26
0001b6 2de0      	MOV  R30,R0
0001b7 0df1      	ADD  R31,R1
0001b8 9508      	RET
                 
                 __DIVW21U:
0001b9 2400      	CLR  R0
0001ba 2411      	CLR  R1
0001bb e190      	LDI  R25,16
                 __DIVW21U1:
0001bc 0faa      	LSL  R26
0001bd 1fbb      	ROL  R27
0001be 1c00      	ROL  R0
0001bf 1c11      	ROL  R1
0001c0 1a0e      	SUB  R0,R30
0001c1 0a1f      	SBC  R1,R31
0001c2 f418      	BRCC __DIVW21U2
0001c3 0e0e      	ADD  R0,R30
0001c4 1e1f      	ADC  R1,R31
0001c5 c001      	RJMP __DIVW21U3
                 __DIVW21U2:
0001c6 60a1      	SBR  R26,1
                 __DIVW21U3:
0001c7 959a      	DEC  R25
0001c8 f799      	BRNE __DIVW21U1
0001c9 01fd      	MOVW R30,R26
0001ca 01d0      	MOVW R26,R0
0001cb 9508      	RET
                 
                 __MODW21U:
0001cc dfec      	RCALL __DIVW21U
0001cd 01fd      	MOVW R30,R26
0001ce 9508      	RET
                 
                 ;END OF CODE MARKER
                 __END_OF_CODE:


RESOURCE USE INFORMATION
------------------------

Notice:
The register and instruction counts are symbol table hit counts,
and hence implicitly used resources are not counted, eg, the
'lpm' instruction without operands implicitly uses r0 and z,
none of which are counted.

x,y,z are separate entities in the symbol table and are
counted separately from r26..r31 here.

.dseg memory usage only counts static data declared with .byte

ATmega32 register use summary:
r0 :  14 r1 :   8 r2 :   0 r3 :   0 r4 :   4 r5 :   3 r6 :   4 r7 :   2 
r8 :   4 r9 :   2 r10:   7 r11:   0 r12:   8 r13:   1 r14:   0 r15:   0 
r16:   0 r17:   0 r18:   0 r19:   0 r20:   0 r21:   0 r22:   2 r23:   0 
r24:  15 r25:   8 r26:  23 r27:   8 r28:   1 r29:   1 r30: 144 r31:  47 
x  :   3 y  :  16 z  :  11 
Registers used: 23 out of 35 (65.7%)

ATmega32 instruction use summary:
.lds  :   0 .lds.l:   0 .sts  :   0 .sts.l:   0 adc   :   2 add   :   4 
adiw  :   3 and   :   0 andi  :   0 asr   :   0 bclr  :   0 bld   :   0 
brbc  :   0 brbs  :   0 brcc  :   1 brcs  :   0 break :   0 breq  :   2 
brge  :   2 brhc  :   0 brhs  :   0 brid  :   0 brie  :   0 brlo  :   2 
brlt  :   0 brmi  :   0 brne  :   9 brpl  :   0 brsh  :   0 brtc  :   0 
brts  :   0 brvc  :   0 brvs  :   0 bset  :   0 bst   :   0 call  :  11 
cbi   :   1 cbr   :   0 clc   :   0 clh   :   0 cli   :   1 cln   :   0 
clr   :  10 cls   :   0 clt   :   0 clv   :   0 clz   :   0 com   :   0 
cp    :   4 cpc   :   4 cpi   :   0 cpse  :   0 dec   :   4 des   :   0 
eor   :   0 fmul  :   0 fmuls :   0 fmulsu:   0 icall :   0 ijmp  :   0 
in    :   1 inc   :   0 jmp   :  22 ld    :  12 ldd   :   0 ldi   : 101 
lds   :   0 lpm   :   7 lsl   :   1 lsr   :   0 mov   :   2 movw  :  28 
mul   :   3 muls  :   0 mulsu :   0 neg   :   0 nop   :   0 or    :   0 
ori   :   0 out   :  37 pop   :   0 push  :   0 rcall :  22 ret   :  25 
reti  :   1 rjmp  :  31 rol   :   3 ror   :   0 sbc   :   1 sbci  :   5 
sbi   :   1 sbic  :  12 sbis  :  13 sbiw  :   7 sbr   :   1 sbrc  :   0 
sbrs  :   0 sec   :   0 seh   :   0 sei   :   1 sen   :   0 ser   :   0 
ses   :   0 set   :   0 sev   :   0 sez   :   0 sleep :   0 spm   :   0 
st    :  11 std   :   0 sts   :   0 sub   :   1 subi  :   5 swap  :   0 
tst   :   0 wdr   :   0 
Instructions used: 41 out of 116 (35.3%)

ATmega32 memory use summary [bytes]:
Segment   Begin    End      Code   Data   Used    Size   Use%
---------------------------------------------------------------
[.cseg] 0x000000 0x00039e    894     32    926   32768   2.8%
[.dseg] 0x000060 0x00026a      0     10     10    2048   0.5%
[.eseg] 0x000000 0x000000      0      0      0    1024   0.0%

Assembly complete, 0 errors, 10 warnings
